  Assets\bomb.FBX
  Assets\BombEffect.FBX
  Assets\boss.FBX
  Assets\effect.FBX
  Assets\Effects.FBX
  Assets\explosion.FBX
  Assets\Fighter.FBX
  Assets\ground200m.FBX
  Assets\gun.FBX
  Assets\head.FBX
  Assets\head2.FBX
  Assets\head3.FBX
  Assets\head4.FBX
  Assets\Lockon.FBX
  Assets\LockonTest.FBX
  Assets\shield.FBX
  Assets\skydome.FBX
  Resources\SphereNode.FBX
  Game.cpp
c:\users\s162087\documents\gameengine\gameengine_tk\gameengine_tk\game\game.cpp(181): warning C4018: '<': signed と unsigned の数値を比較しようとしました。
c:\users\s162087\documents\gameengine\gameengine_tk\gameengine_tk\game\game.cpp(437): warning C4018: '<': signed と unsigned の数値を比較しようとしました。
c:\users\s162087\documents\gameengine\gameengine_tk\gameengine_tk\game\game.cpp(1174): warning C4244: '=': 'float' から 'int' への変換です。データが失われる可能性があります。
  GameEngine_TK.vcxproj -> C:\Users\s162087\Documents\GameEngine\GameEngine_TK\Debug\GameEngine_TK.exe
  GameEngine_TK.vcxproj -> C:\Users\s162087\Documents\GameEngine\GameEngine_TK\Debug\GameEngine_TK.pdb (Full PDB)
